[29Dec2024 00:21:22.681] [Server thread/WARN] [net.minecraft.server.level.ServerPlayerGameMode/]: Mismatch in destroy block pos: BlockPos{x=2240, y=53, z=2748} BlockPos{x=2241, y=55, z=2749}
[29Dec2024 00:41:06.465] [Server thread/INFO] [net.minecraftforge.common.AdvancementLoadFix/]: Using new advancement loading for net.minecraft.server.PlayerAdvancements@3136a72f
[29Dec2024 00:41:06.473] [Server thread/INFO] [net.minecraft.server.players.PlayerList/]: arthur[/127.6.119.12:40267] logged in with entity id 30123 at (1620.9940307441582, 64.0, 1821.3377343297998)
[29Dec2024 00:41:06.479] [Server thread/INFO] [net.minecraft.server.dedicated.DedicatedServer/]: arthur joined the game
[29Dec2024 01:07:44.181] [Server thread/INFO] [net.minecraft.server.dedicated.DedicatedServer/]: arthur has made the advancement [Take Aim]
[29Dec2024 01:08:01.728] [Server thread/INFO] [net.minecraft.server.dedicated.DedicatedServer/]: Jesua1223 has made the advancement [Take Aim]
[29Dec2024 01:40:05.018] [Server thread/INFO] [net.minecraft.server.dedicated.DedicatedServer/]: <Jesua1223> 2733 3948
[29Dec2024 01:45:54.931] [Server thread/INFO] [net.minecraft.server.network.ServerGamePacketListenerImpl/]: Jesua1223 lost connection: Disconnected
[29Dec2024 01:45:54.932] [Server thread/INFO] [net.minecraft.server.dedicated.DedicatedServer/]: Jesua1223 left the game
[29Dec2024 01:46:12.576] [Server thread/INFO] [net.minecraft.server.network.ServerLoginPacketListenerImpl/]: com.mojang.authlib.GameProfile@5695220a[id=<null>,name=Jesua1223,properties={},legacy=false] (/127.67.90.77:53221) lost connection: Disconnected
[29Dec2024 01:46:25.466] [Server thread/INFO] [net.minecraftforge.common.AdvancementLoadFix/]: Using new advancement loading for net.minecraft.server.PlayerAdvancements@113c0d
[29Dec2024 01:46:25.474] [Server thread/INFO] [net.minecraft.server.players.PlayerList/]: Jesua1223[/127.67.90.77:34631] logged in with entity id 59629 at (2581.8389071827055, 62.073264324665075, 2829.193163555991)
[29Dec2024 01:46:25.484] [Server thread/INFO] [net.minecraft.server.dedicated.DedicatedServer/]: Jesua1223 joined the game
[29Dec2024 02:08:04.840] [Server thread/WARN] [net.minecraft.server.level.ServerPlayerGameMode/]: Mismatch in destroy block pos: BlockPos{x=2234, y=47, z=2729} BlockPos{x=2234, y=47, z=2730}
[29Dec2024 02:08:05.884] [Server thread/WARN] [net.minecraft.server.level.ServerPlayerGameMode/]: Mismatch in destroy block pos: BlockPos{x=2235, y=49, z=2728} BlockPos{x=2235, y=48, z=2728}
[29Dec2024 02:08:28.884] [Server thread/WARN] [net.minecraft.server.level.ServerPlayerGameMode/]: Mismatch in destroy block pos: BlockPos{x=2228, y=46, z=2734} BlockPos{x=2227, y=48, z=2733}
[29Dec2024 03:05:10.525] [Server thread/INFO] [net.minecraft.server.network.ServerGamePacketListenerImpl/]: arthur lost connection: Disconnected
[29Dec2024 03:05:10.526] [Server thread/INFO] [net.minecraft.server.dedicated.DedicatedServer/]: arthur left the game
[29Dec2024 03:05:12.926] [Server thread/INFO] [net.minecraft.server.network.ServerGamePacketListenerImpl/]: Jesua1223 lost connection: Disconnected
[29Dec2024 03:05:12.926] [Server thread/INFO] [net.minecraft.server.dedicated.DedicatedServer/]: Jesua1223 left the game
[29Dec2024 03:05:23.325] [Server thread/INFO] [net.minecraft.server.dedicated.DedicatedServer/]: Stopping the server
[29Dec2024 03:05:23.372] [Server thread/INFO] [net.minecraft.server.MinecraftServer/]: Stopping server
[29Dec2024 03:05:23.373] [Server thread/INFO] [net.minecraft.server.MinecraftServer/]: Saving players
[29Dec2024 03:05:23.373] [Server thread/INFO] [net.minecraft.server.MinecraftServer/]: Saving worlds
[29Dec2024 03:05:24.322] [Server thread/INFO] [net.minecraft.server.MinecraftServer/]: Saving chunks for level 'ServerLevel[world]'/minecraft:overworld
[29Dec2024 03:05:24.361] [Server thread/INFO] [net.minecraft.server.MinecraftServer/]: Saving chunks for level 'ServerLevel[world]'/minecraft:the_end
[29Dec2024 03:05:24.363] [Server thread/INFO] [net.minecraft.server.MinecraftServer/]: Saving chunks for level 'ServerLevel[world]'/minecraft:the_nether
[29Dec2024 03:05:24.376] [Server thread/INFO] [net.minecraft.server.MinecraftServer/]: ThreadedAnvilChunkStorage (world): All chunks are saved
[29Dec2024 03:05:24.376] [Server thread/INFO] [net.minecraft.server.MinecraftServer/]: ThreadedAnvilChunkStorage (DIM1): All chunks are saved
[29Dec2024 03:05:24.376] [Server thread/INFO] [net.minecraft.server.MinecraftServer/]: ThreadedAnvilChunkStorage (DIM-1): All chunks are saved
[29Dec2024 03:05:24.376] [Server thread/INFO] [net.minecraft.server.MinecraftServer/]: ThreadedAnvilChunkStorage: All dimensions are saved
